
> frontend@0.0.0 dev
> vite --host


  VITE v4.5.5  ready in 346 ms

  ➜  Local:   http://localhost:5173/
  ➜  Network: http://172.31.86.139:5173/
6:05:27 PM [vite] .env.sample changed, restarting server...
6:05:27 PM [vite] server restarted.
6:05:47 PM [vite] .env.local changed, restarting server...
6:05:47 PM [vite] server restarted.

> frontend@0.0.0 dev
> vite --host

Port 5173 is in use, trying another one...

  VITE v4.5.5  ready in 344 ms

  ➜  Local:   http://localhost:5174/
  ➜  Network: http://172.31.86.139:5174/

> frontend@0.0.0 dev
> vite --host

Port 5173 is in use, trying another one...

  VITE v4.5.5  ready in 500 ms

  ➜  Local:   http://localhost:5174/
  ➜  Network: http://172.31.86.139:5174/
  ➜  Network: http://172.18.0.1:5174/
10:47:43 PM [vite] .env.docker changed, restarting server...
Port 5173 is in use, trying another one...
10:47:43 PM [vite] server restarted.

  ➜  Local:   http://localhost:5174/
  ➜  Network: http://172.31.86.139:5174/
  ➜  Network: http://172.18.0.1:5174/

> frontend@0.0.0 dev
> vite --host


  VITE v4.5.5  ready in 363 ms

  ➜  Local:   http://localhost:5173/
  ➜  Network: http://172.31.86.139:5173/
(node:27748) ExperimentalWarning: CommonJS module /home/ubuntu/wanderlust/frontend/node_modules/tailwindcss/lib/lib/load-config.js is loading ES Module /home/ubuntu/wanderlust/frontend/tailwind.config.js using require().
Support for loading ES Module in require() is an experimental feature and might change at any time
(Use `node --trace-warnings ...` to show where the warning was created)
Killed
